
 /----------------------------------------------------------------------------\
 |  yosys -- Yosys Open SYnthesis Suite                                       |
 |  Copyright (C) 2012 - 2026  Claire Xenia Wolf <claire@yosyshq.com>         |
 |  Distributed under an ISC-like license, type "license" to see terms        |
 \----------------------------------------------------------------------------/
 Yosys 0.64+40 (git sha1 90b906c4f, clang++ 18.1.8 -fPIC -O3)

-- Executing script file `design_smt2.ys' --

1. Executing RTLIL frontend.
Input filename: design_prep.il

2. Executing HIERARCHY pass (managing design hierarchy).
Attribute `top' found on module `chi_bow_props'. Setting top module to chi_bow_props.

2.1. Analyzing design hierarchy..
Top module:  \chi_bow_props

2.2. Analyzing design hierarchy..
Top module:  \chi_bow_props
Removed 0 unused modules.
Module chi_bow_props directly or indirectly contains formal properties -> setting "keep" attribute.

3. Executing FORMALFF pass.

4. Executing DFFUNMAP pass (unmap clock enable and synchronous reset from FFs).

5. Printing statistics.

=== chi_bow_props ===

        +----------Local Count, excluding submodules.
        | 
      452 wires
    95646 wire bits
      157 public wires
    26979 public wire bits
        2 ports
        2 port bits
      561 cells
        7   $add
       12   $and
       24   $anyinit
      174   $anyseq
        4   $assert
       14   $assume
       16   $eq
       10   $ff
        1   $ge
        2   $gt
        2   $le
       22   $logic_and
       22   $logic_not
        7   $logic_or
      149   $mux
        7   $ne
        5   $neg
       22   $not
       10   $or
        2   $pmux
       13   $reduce_and
       11   $reduce_bool
        1   $scopeinfo
       12   $shift
        6   $shiftx
        1   $shl
        5   $sub

6. Executing SMT2 backend.

6.1. Executing BMUXMAP pass.

6.2. Executing DEMUXMAP pass.
Creating SMT-LIBv2 representation of module chi_bow_props.

End of script. Logfile hash: 33d41febd0, time: 0.16s, user: 0.15s, system: 0.02s, MEM: 29.32 MB peak
Yosys 0.64+40 (git sha1 90b906c4f, clang++ 18.1.8 -fPIC -O3)
Time spent: 97% 2x write_smt2 (0 sec), 1% 2x read_rtlil (0 sec), ...
